This is XeTeX, Version 3.1415926-2.3-0.9997.5 (MiKTeX 2.9) (preloaded format=xelatex 2014.9.10)  9 OCT 2016 16:58
entering extended mode
**sig-fault.tex
(C:\Users\xintao\Desktop\cms\sig-fault.tex
LaTeX2e <2011/06/27>
Babel <v3.8m> and hyphenation patterns for loaded.
(C:\Users\xintao\Desktop\cms\sig-alternate-05-2015.cls
(C:\CTEX\MiKTeX\tex\latex\graphics\epsfig.sty
Package: epsfig 1999/02/16 v1.7a (e)psfig emulation (SPQR)

(C:\CTEX\MiKTeX\tex\latex\graphics\graphicx.sty
Package: graphicx 1999/02/16 v1.0f Enhanced LaTeX Graphics (DPC,SPQR)

(C:\CTEX\MiKTeX\tex\latex\graphics\keyval.sty
Package: keyval 1999/03/16 v1.13 key=value parser (DPC)
\KV@toks@=\toks14
)
(C:\CTEX\MiKTeX\tex\latex\graphics\graphics.sty
Package: graphics 2009/02/05 v1.0o Standard LaTeX Graphics (DPC,SPQR)

(C:\CTEX\MiKTeX\tex\latex\graphics\trig.sty
Package: trig 1999/03/16 v1.09 sin cos tan (DPC)
)
(C:\CTEX\MiKTeX\tex\latex\00miktex\graphics.cfg
File: graphics.cfg 2007/01/18 v1.5 graphics configuration of teTeX/TeXLive
)
Package graphics Info: Driver file: xetex.def on input line 91.

(C:\CTEX\MiKTeX\tex\xelatex\xetex-def\xetex.def
File: xetex.def 2009/11/22 v0.94 LaTeX color/graphics driver for XeTeX (RRM/JK)

))
\Gin@req@height=\dimen102
\Gin@req@width=\dimen103
)
\epsfxsize=\dimen104
\epsfysize=\dimen105
)
(C:\CTEX\MiKTeX\tex\latex\amsfonts\amssymb.sty
Package: amssymb 2009/06/22 v3.00

(C:\CTEX\MiKTeX\tex\latex\amsfonts\amsfonts.sty
Package: amsfonts 2009/06/22 v3.00 Basic AMSFonts support
\@emptytoks=\toks15
\symAMSa=\mathgroup4
\symAMSb=\mathgroup5
LaTeX Font Info:    Overwriting math alphabet `\mathfrak' in version `bold'
(Font)                  U/euf/m/n --> U/euf/b/n on input line 96.
))
(C:\CTEX\MiKTeX\tex\latex\ams\math\amsmath.sty
Package: amsmath 2000/07/18 v2.13 AMS math features
\@mathmargin=\skip41

For additional information on amsmath, use the `?' option.
(C:\CTEX\MiKTeX\tex\latex\ams\math\amstext.sty
Package: amstext 2000/06/29 v2.01

(C:\CTEX\MiKTeX\tex\latex\ams\math\amsgen.sty
File: amsgen.sty 1999/11/30 v2.0
\@emptytoks=\toks16
\ex@=\dimen106
))
(C:\CTEX\MiKTeX\tex\latex\ams\math\amsbsy.sty
Package: amsbsy 1999/11/29 v1.2d
\pmbraise@=\dimen107
)
(C:\CTEX\MiKTeX\tex\latex\ams\math\amsopn.sty
Package: amsopn 1999/12/14 v2.01 operator names
)
\inf@bad=\count80
LaTeX Info: Redefining \frac on input line 211.
\uproot@=\count81
\leftroot@=\count82
LaTeX Info: Redefining \overline on input line 307.
\classnum@=\count83
\DOTSCASE@=\count84
LaTeX Info: Redefining \ldots on input line 379.
LaTeX Info: Redefining \dots on input line 382.
LaTeX Info: Redefining \cdots on input line 467.
\Mathstrutbox@=\box26
\strutbox@=\box27
\big@size=\dimen108
LaTeX Font Info:    Redeclaring font encoding OML on input line 567.
LaTeX Font Info:    Redeclaring font encoding OMS on input line 568.
\macc@depth=\count85
\c@MaxMatrixCols=\count86
\dotsspace@=\muskip10
\c@parentequation=\count87
\dspbrk@lvl=\count88
\tag@help=\toks17
\row@=\count89
\column@=\count90
\maxfields@=\count91
\andhelp@=\toks18
\eqnshift@=\dimen109
\alignsep@=\dimen110
\tagshift@=\dimen111
\tagwidth@=\dimen112
\totwidth@=\dimen113
\lineht@=\dimen114
\@envbody=\toks19
\multlinegap=\skip42
\multlinetaggap=\skip43
\mathdisplay@stack=\toks20
LaTeX Info: Redefining \[ on input line 2666.
LaTeX Info: Redefining \] on input line 2667.
)
Document Class 'sig-alternate' <9th June '13>. Modified by G.K.M. Tobin/Gerry M
urray/Boris Veytsman
Based in part upon document Style `acmconf' <22 May 89>. Hacked 4/91 by
shivers@cs.cmu.edu, 4/93 by theobald@cs.mcgill.ca
Excerpts were taken from (Journal Style) 'esub2acm.cls'.
****** Bugs/comments/suggestions/technicalities to Gerry Murray -- murray@hq.ac
m.org ******
Questions on the style, SIGS policies, etc. to Adrienne Griscti griscti@acm.org

\ACM@basesize=\count92
(C:\CTEX\MiKTeX\tex\latex\comment\comment.sty
\CommentStream=\write3
 Excluding comment 'comment')
Excluding comment 'CCSXML'
\footheight=\dimen115
\@maxsep=\dimen116
\@dblmaxsep=\dimen117
 (C:\CTEX\MiKTeX\tex\generic\oberdiek\ifpdf.sty
Package: ifpdf 2011/01/30 v2.3 Provides the ifpdf switch (HO)
Package ifpdf Info: pdfTeX in PDF mode is not detected.
)
\aucount=\count93
\originalaucount=\count94
\auwidth=\dimen118
\auskip=\dimen119
\auskipcount=\count95
\auskip=\dimen120
\allauboxes=\dimen121
\addauthors=\toks21
\addauflag=\count96
\subtitletext=\toks22
Requested font "ptmb8t" at 12.0pt
 -> ptmb8t
Requested font "ptmbi8t" at 12.0pt
 -> ptmbi8t
Requested font "ptmri8t" at 11.0pt
 -> ptmri8t
Requested font "ptmbi8t" at 11.0pt
 -> ptmbi8t
Requested font "phvb8t" at 18.0pt
 -> phvb8t
Requested font "phvbo8t" at 18.0pt
 -> phvbo8t
Requested font "phvr8t" at 14.0pt
 -> phvr8t
Requested font "phvro8t" at 14.0pt
 -> phvro8t
Requested font "phvb8t" at 14.0pt
 -> phvb8t
Requested font "phvr8t" at 12.0pt
 -> phvr8t
Requested font "phvro8t" at 12.0pt
 -> phvro8t
Requested font "phvr8t" at 10.0pt
 -> phvr8t
Requested font "phvro8t" at 10.0pt
 -> phvro8t
Requested font "ptmr8t" at 9.0pt
 -> ptmr8t
Requested font "ptmri8t" at 8.0pt
 -> ptmri8t
Requested font "ptmr8t" at 8.0pt
 -> ptmr8t
\savesection=\count97
\sectioncntr=\count98
\c@figure=\count99
\c@table=\count100
\titleboxnotes=\toks23
\titleboxnoteflag=\count101


LaTeX Warning: You have requested document class `sig-alternate-05-2015',
               but the document class provides `sig-alternate'.

Document Class: sig-alternate 2013/05/12 v2.7 based on acmproc.cls V1.3 <Nov. 3
0 '99>
(C:\CTEX\MiKTeX\tex\latex\base\latexsym.sty
Package: latexsym 1998/08/17 v2.2e Standard LaTeX package (lasy symbols)
\symlasy=\mathgroup6
LaTeX Font Info:    Overwriting symbol font `lasy' in version `bold'
(Font)                  U/lasy/m/n --> U/lasy/b/n on input line 47.
)
Requested font "cmr9" at 9.0pt
 -> cmr9
\@acmtitlebox=\box28
\titlenotecount=\count102
\tntoks=\toks24
\tntokstwo=\toks25
\tntoksthree=\toks26
\tntoksfour=\toks27
\tntoksfive=\toks28
\catcount=\count103
\copyrightnotice=\toks29
\conf=\toks30
\confinfo=\toks31
\c@part=\count104
\c@section=\count105
\c@subsection=\count106
\c@subsubsection=\count107
\c@paragraph=\count108

Using 'Abbrev' bibliography style
LaTeX Info: Redefining \cite on input line 1408.
\bibindent=\dimen122
\colcntr=\count109
\saveb@x=\box29
\copyrtyr=\toks32
\acmcopyr=\toks33
\boilerplate=\toks34
(C:\CTEX\MiKTeX\tex\xelatex\xetexurl\url.sty
\Urlmuskip=\muskip11
Package: url 2004/03/15  ver 3.1  Verb mode for urls, etc.
)
(C:\Users\xintao\Desktop\cms\acmcopyright.sty
Package: acmcopyright 2014/06/29 v1.2 Copyright statemens for ACM classes

(C:\CTEX\MiKTeX\tex\latex\xkeyval\xkeyval.sty
Package: xkeyval 2008/08/13 v2.6a package option processing (HA)

(C:\CTEX\MiKTeX\tex\generic\xkeyval\xkeyval.tex
\XKV@toks=\toks35
\XKV@tempa@toks=\toks36
\XKV@depth=\count110
File: xkeyval.tex 2008/08/13 v2.6a key=value parser (HA)
)))
\copyrightetc=\toks37

(C:\CTEX\MiKTeX\tex\latex\base\fontenc.sty
Package: fontenc 2005/09/27 v1.99g Standard LaTeX package

(C:\CTEX\MiKTeX\tex\latex\base\t1enc.def
File: t1enc.def 2005/09/27 v1.99g Standard LaTeX file
LaTeX Font Info:    Redeclaring font encoding T1 on input line 43.
)
LaTeX Font Info:    Try loading font information for T1+aer on input line 100.
 (C:\CTEX\MiKTeX\tex\latex\ae\t1aer.fd
File: t1aer.fd 1997/11/16 Font definitions for T1/aer.
)
Requested font "aer9" at 9.0pt
 -> aer9
)) (C:\CTEX\MiKTeX\tex\latex\algorithmicx\algpseudocode.sty
Package: algpseudocode 

(C:\CTEX\MiKTeX\tex\latex\base\ifthen.sty
Package: ifthen 2001/05/26 v1.1c Standard LaTeX ifthen package (DPC)
)
(C:\CTEX\MiKTeX\tex\latex\algorithmicx\algorithmicx.sty
Package: algorithmicx 2005/04/27 v1.2 Algorithmicx

Document Style algorithmicx 1.2 - a greatly improved `algorithmic' style
\c@ALG@line=\count111
\c@ALG@rem=\count112
\c@ALG@nested=\count113
\ALG@tlm=\skip44
\ALG@thistlm=\skip45
\c@ALG@Lnr=\count114
\c@ALG@blocknr=\count115
\c@ALG@storecount=\count116
\c@ALG@tmpcounter=\count117
\ALG@tmplength=\skip46
)
Document Style - pseudocode environments for use with the `algorithmicx' style
) (C:\CTEX\MiKTeX\tex\latex\algorithms\algorithm.sty
Invalid UTF-8 byte or sequence at line 11 replaced by U+FFFD.
Package: algorithm 2009/08/24 v0.1 Document Style `algorithm' - floating enviro
nment

(C:\CTEX\MiKTeX\tex\latex\float\float.sty
Package: float 2001/11/08 v1.3d Float enhancements (AL)
\c@float@type=\count118
\float@exts=\toks38
\float@box=\box30
\@float@everytoks=\toks39
\@floatcapt=\box31
)
\@float@every@algorithm=\toks40
\c@algorithm=\count119
)
(C:\CTEX\MiKTeX\tex\latex\tools\array.sty
Package: array 2008/09/09 v2.4c Tabular extension package (FMi)
\col@sep=\dimen123
\extrarowheight=\dimen124
\NC@list=\toks41
\extratabsurround=\skip47
\backup@length=\skip48
)
(C:\CTEX\MiKTeX\tex\latex\multirow\multirow.sty
\bigstrutjot=\dimen125
)
(C:\Users\xintao\Desktop\cms\sig-fault.aux)
LaTeX Font Info:    Checking defaults for OML/cmm/m/it on input line 61.
LaTeX Font Info:    ... okay on input line 61.
LaTeX Font Info:    Checking defaults for T1/cmr/m/n on input line 61.
LaTeX Font Info:    ... okay on input line 61.
LaTeX Font Info:    Checking defaults for OT1/cmr/m/n on input line 61.
LaTeX Font Info:    ... okay on input line 61.
LaTeX Font Info:    Checking defaults for OMS/cmsy/m/n on input line 61.
LaTeX Font Info:    ... okay on input line 61.
LaTeX Font Info:    Checking defaults for OMX/cmex/m/n on input line 61.
LaTeX Font Info:    ... okay on input line 61.
LaTeX Font Info:    Checking defaults for U/cmr/m/n on input line 61.
LaTeX Font Info:    ... okay on input line 61.
Requested font "cmr6" at 6.0pt
 -> cmr6
Requested font "cmmi9" at 9.0pt
 -> cmmi9
Requested font "cmmi6" at 6.0pt
 -> cmmi6
Requested font "cmsy9" at 9.0pt
 -> cmsy9
Requested font "cmsy6" at 6.0pt
 -> cmsy6
Requested font "cmex9" at 9.0pt
 -> cmex9
Requested font "cmex7" at 6.0pt
 -> cmex7
Requested font "cmex7" at 5.0pt
 -> cmex7
LaTeX Font Info:    Try loading font information for U+msa on input line 200.

(C:\CTEX\MiKTeX\tex\latex\amsfonts\umsa.fd
File: umsa.fd 2009/06/22 v3.00 AMS symbols A
)
Requested font "msam10" at 9.0pt
 -> msam10
Requested font "msam7" at 6.0pt
 -> msam7
Requested font "msam5" at 5.0pt
 -> msam5
LaTeX Font Info:    Try loading font information for U+msb on input line 200.

(C:\CTEX\MiKTeX\tex\latex\amsfonts\umsb.fd
File: umsb.fd 2009/06/22 v3.00 AMS symbols B
)
Requested font "msbm10" at 9.0pt
 -> msbm10
Requested font "msbm7" at 6.0pt
 -> msbm7
Requested font "msbm5" at 5.0pt
 -> msbm5
LaTeX Font Info:    Try loading font information for U+lasy on input line 200.

(C:\CTEX\MiKTeX\tex\latex\base\ulasy.fd
File: ulasy.fd 1998/08/17 v2.2e LaTeX symbol font definitions
)
Requested font "lasy9" at 9.0pt
 -> lasy9
Requested font "lasy6" at 6.0pt
 -> lasy6
Requested font "lasy5" at 5.0pt
 -> lasy5

Overfull \hbox (17.59798pt too wide) in paragraph at lines 200--200
 []\eaddfnt hareton.leung@polyu.edu.hk| 
 []

LaTeX Font Info:    Try loading font information for T1+ptm on input line 200.
(C:\CTEX\MiKTeX\tex\latex\psnfss\t1ptm.fd
File: t1ptm.fd 2001/06/04 font definitions for T1/ptm.
)
Requested font "ptmr8t" at 7.0pt
 -> ptmr8t
LaTeX Font Info:    Try loading font information for OMS+ptm on input line 200.


(C:\CTEX\MiKTeX\tex\latex\psnfss\omsptm.fd
File: omsptm.fd 
)
LaTeX Font Info:    Font shape `OMS/ptm/m/n' in size <7> not available
(Font)              Font shape `OMS/cmsy/m/n' tried instead on input line 200.
Requested font "aer8" at 8.0pt
 -> aer8
Requested font "cmr8" at 8.0pt
 -> cmr8
Requested font "cmmi8" at 8.0pt
 -> cmmi8
Requested font "cmsy8" at 8.0pt
 -> cmsy8
Requested font "cmex8" at 8.0pt
 -> cmex8
Requested font "msam10" at 8.0pt
 -> msam10
Requested font "msbm10" at 8.0pt
 -> msbm10
Requested font "lasy8" at 8.0pt
 -> lasy8
LaTeX Font Info:    Try loading font information for OMS+aer on input line 240.


(C:\CTEX\MiKTeX\tex\latex\ae\omsaer.fd
File: omsaer.fd 1999/12/27
)
LaTeX Font Info:    Font shape `OMS/aer/m/n' in size <9> not available
(Font)              Font shape `OMS/cmsy/m/n' tried instead on input line 240.
Requested font "aebx9" at 9.0pt
 -> aebx9

Underfull \vbox (badness 10000) has occurred while \output is active []

Requested font "aeti9" at 9.0pt
 -> aeti9
 [1


]
Overfull \hbox (13.5278pt too wide) in paragraph at lines 257--265
 [][] 
 []

Requested font "aer6" at 6.0pt
 -> aer6
\c@assumption=\count120
\c@proposition=\count121
\c@definition=\count122
[2]
Overfull \hbox (3.092pt too wide) in paragraph at lines 322--323
[]\T1/aer/m/n/9 For the SUT, the $\OML/cmm/m/it/9 ^^\$\T1/aer/m/n/9 -set {$\OT1
/cmr/m/n/9 (\OML/cmm/m/it/9 p[]; v[]\OT1/cmr/m/n/9 )$\T1/aer/m/n/9 , $\OT1/cmr/
m/n/9 (\OML/cmm/m/it/9 p[]; v[]\OT1/cmr/m/n/9 )$\T1/aer/m/n/9 ,
 []

Requested font "aecsc10" at 9.0pt
 -> aecsc10

Overfull \hbox (5.45796pt too wide) in paragraph at lines 391--392
[]\T1/aer/m/it/9 Given a healthy schema $\OML/cmm/m/it/9 s[]$\T1/aer/m/it/9 , t
hen $\OMS/cmsy/m/n/9 8\OML/cmm/m/it/9 s[]; s[] \OMS/cmsy/m/n/9 ^^^
 []


Overfull \hbox (2.57278pt too wide) in paragraph at lines 408--409
[]\T1/aer/m/it/9 Given a fail-ing test case $\OML/cmm/m/it/9 t$ \T1/aer/m/it/9 
={$\OT1/cmr/m/n/9 (\OML/cmm/m/it/9 p[]; v[]\OT1/cmr/m/n/9 )$\T1/aer/m/it/9 , $\
OT1/cmr/m/n/9 (\OML/cmm/m/it/9 p[]; v[]\OT1/cmr/m/n/9 )$\T1/aer/m/it/9 , ..., $
\OT1/cmr/m/n/9 (\OML/cmm/m/it/9 p[]; v[]\OT1/cmr/m/n/9 )$\T1/aer/m/it/9 },
 []

[3]
Requested font "aebx6" at 6.0pt
 -> aebx6
Requested font "aebx5" at 5.0pt
 -> aebx5

Overfull \hbox (3.01895pt too wide) in paragraph at lines 458--459
\OML/cmm/m/it/9 ; v[]\OT1/cmr/m/n/9 )\OML/cmm/m/it/9 ; \OT1/cmr/m/n/9 (\OML/cmm
/m/it/9 p[]; v[]\OT1/cmr/m/n/9 )$\T1/aer/m/n/9 }, $\OML/cmm/m/it/9 c[]$ \T1/aer
/m/n/9 = {$\OT1/cmr/m/n/9 (\OML/cmm/m/it/9 p[]; v[]\OT1/cmr/m/n/9 )\OML/cmm/m/i
t/9 ; \OT1/cmr/m/n/9 (\OML/cmm/m/it/9 p[]; v[]\OT1/cmr/m/n/9 )$\T1/aer/m/n/9 }.
 Then we have $\OML/cmm/m/it/9 CMXS$
 []


Overfull \hbox (4.88046pt too wide) in paragraph at lines 458--459
\OT1/cmr/m/n/9 (\OML/cmm/m/it/9 c[]; t\OT1/cmr/m/n/9 )$ \T1/aer/m/n/9 = { {$\OT
1/cmr/m/n/9 (\OML/cmm/m/it/9 p[]; v[]\OT1/cmr/m/n/9 )\OML/cmm/m/it/9 ; \OT1/cmr
/m/n/9 (\OML/cmm/m/it/9 p[]; v[]\OT1/cmr/m/n/9 )$\T1/aer/m/n/9 }, {$\OT1/cmr/m/
n/9 (\OML/cmm/m/it/9 p[]; v[]\OT1/cmr/m/n/9 )\OML/cmm/m/it/9 ; \OT1/cmr/m/n/9 (
\OML/cmm/m/it/9 p[]; v[]\OT1/cmr/m/n/9 )$\T1/aer/m/n/9 } }, $\OML/cmm/m/it/9 CM
XS\OT1/cmr/m/n/9 (\OML/cmm/m/it/9 c[];$
 []


Overfull \hbox (5.92975pt too wide) in paragraph at lines 458--459
\OML/cmm/m/it/9 t\OT1/cmr/m/n/9 )$ \T1/aer/m/n/9 = { {$\OT1/cmr/m/n/9 (\OML/cmm
/m/it/9 p[]; v[]\OT1/cmr/m/n/9 )\OML/cmm/m/it/9 ; \OT1/cmr/m/n/9 (\OML/cmm/m/it
/9 p[]; v[]\OT1/cmr/m/n/9 )$\T1/aer/m/n/9 }, {$\OT1/cmr/m/n/9 (\OML/cmm/m/it/9 
p[]; v[]\OT1/cmr/m/n/9 )\OML/cmm/m/it/9 ; \OT1/cmr/m/n/9 (\OML/cmm/m/it/9 p[]; 
v[]\OT1/cmr/m/n/9 )$\T1/aer/m/n/9 } }, and $\OML/cmm/m/it/9 CMXS\OT1/cmr/m/n/9 
(\OML/cmm/m/it/9 c[];$
 []


Overfull \hbox (6.91573pt too wide) in paragraph at lines 458--459
\OML/cmm/m/it/9 t\OT1/cmr/m/n/9 ) [] \OML/cmm/m/it/9 CMXS\OT1/cmr/m/n/9 (\OML/c
mm/m/it/9 c[]; t\OT1/cmr/m/n/9 ) = \OMS/cmsy/m/n/9 ff\OT1/cmr/m/n/9 (\OML/cmm/m
/it/9 p[]; v[]\OT1/cmr/m/n/9 )\OMS/cmsy/m/n/9 g\OML/cmm/m/it/9 ; \OMS/cmsy/m/n/
9 f\OT1/cmr/m/n/9 (\OML/cmm/m/it/9 p[]; v[]\OT1/cmr/m/n/9 )\OML/cmm/m/it/9 ; \O
T1/cmr/m/n/9 (\OML/cmm/m/it/9 p[]; v[]\OT1/cmr/m/n/9 )\OMS/cmsy/m/n/9 g\OML/cmm
/m/it/9 ; \OMS/cmsy/m/n/9 f\OT1/cmr/m/n/9 (\OML/cmm/m/it/9 p[]; v[]\OT1/cmr/m/n
/9 )\OMS/cmsy/m/n/9 g\OML/cmm/m/it/9 ;$
 []


Overfull \hbox (4.89061pt too wide) in paragraph at lines 461--462
[]\T1/aer/m/n/9 Given a fail-ing test case t = {$\OT1/cmr/m/n/9 (\OML/cmm/m/it/
9 p[]; v[]\OT1/cmr/m/n/9 )$\T1/aer/m/n/9 , $\OT1/cmr/m/n/9 (\OML/cmm/m/it/9 p[]
; v[]\OT1/cmr/m/n/9 )$\T1/aer/m/n/9 ,
 []


Overfull \hbox (9.94327pt too wide) in paragraph at lines 461--462
\T1/aer/m/n/9 ..., $\OT1/cmr/m/n/9 (\OML/cmm/m/it/9 p[]; v[]\OT1/cmr/m/n/9 )$\T
1/aer/m/n/9 }, and a set of fault-y schemas F-SS = {$\OML/cmm/m/it/9 c[]; c[]; 
:::c[]; :::$\T1/aer/m/n/9 },
 []


Overfull \hbox (6.65445pt too wide) in paragraph at lines 499--500
[]\T1/aer/m/n/9 For a k-degree healthy schema c = {$\OT1/cmr/m/n/9 (\OML/cmm/m/
it/9 p[]; v[]\OT1/cmr/m/n/9 )$\T1/aer/m/n/9 ,
 []

[4]
Overfull \hbox (3.04048pt too wide) in paragraph at lines 532--533
\OML/cmm/m/it/9 ; v[]\OT1/cmr/m/n/9 )\OML/cmm/m/it/9 ; \OT1/cmr/m/n/9 (\OML/cmm
/m/it/9 p[]; v[]\OT1/cmr/m/n/9 )$\T1/aer/m/n/9 }, $\OML/cmm/m/it/9 c[]$ \T1/aer
/m/n/9 = {$\OT1/cmr/m/n/9 (\OML/cmm/m/it/9 p[]; v[]\OT1/cmr/m/n/9 )\OML/cmm/m/i
t/9 ; \OT1/cmr/m/n/9 (\OML/cmm/m/it/9 p[]; v[]\OT1/cmr/m/n/9 )$\T1/aer/m/n/9 }.
 Then we have $\OML/cmm/m/it/9 CMNS$
 []


Overfull \hbox (6.72414pt too wide) in paragraph at lines 570--571
\T1/aer/m/n/9 {$\OML/cmm/m/it/9 c \OMS/cmsy/m/n/9 j 9\OML/cmm/m/it/9 c[] \OMS/c
msy/m/n/9 2 \OML/cmm/m/it/9 CMXS\OT1/cmr/m/n/9 (\OML/cmm/m/it/9 FSS; t\OT1/cmr/
m/n/9 )$\T1/aer/m/n/9 , $\OML/cmm/m/it/9 c \OMS/cmsy/m/n/9 ^^V \OML/cmm/m/it/9 
c[]$ $\OT1/cmr/m/n/9 &&$ $\OMS/cmsy/m/n/9 9\OML/cmm/m/it/9 c[] \OMS/cmsy/m/n/9 
2 \OML/cmm/m/it/9 CMNS\OT1/cmr/m/n/9 (\OML/cmm/m/it/9 HSS; t\OT1/cmr/m/n/9 )$\T
1/aer/m/n/9 ,
 []


Overfull \hbox (2.60204pt too wide) in paragraph at lines 592--593
\T1/aer/m/n/9 in these t-wo set-s, to find whether ex-ist-s $\OML/cmm/m/it/9 c[
] \OMS/cmsy/m/n/9 2 \OML/cmm/m/it/9 CMXS\OT1/cmr/m/n/9 (\OML/cmm/m/it/9 FSS; t\
OT1/cmr/m/n/9 )$\T1/aer/m/n/9 ,
 []


Overfull \hbox (3.45436pt too wide) in paragraph at lines 597--598
\OML/cmm/m/it/9 c \OMS/cmsy/m/n/9 ^^V \OML/cmm/m/it/9 c[]$ \T1/aer/m/it/9 } $\O
T1/cmr/m/n/9 =$ \T1/aer/m/it/9 {$\OML/cmm/m/it/9 c \OMS/cmsy/m/n/9 j 9\OML/cmm/
m/it/9 c[] \OMS/cmsy/m/n/9 2 \OML/cmm/m/it/9 CMXS\OT1/cmr/m/n/9 (\OML/cmm/m/it/
9 FSS; t\OT1/cmr/m/n/9 )$\T1/aer/m/it/9 , $\OML/cmm/m/it/9 c[] \OMS/cmsy/m/n/9 
2 \OML/cmm/m/it/9 CMNS\OT1/cmr/m/n/9 (\OML/cmm/m/it/9 HSS; t\OT1/cmr/m/n/9 )$\T
1/aer/m/it/9 ,
 []

[5]
Overfull \hbox (4.34117pt too wide) detected at line 608
[] []
 []

Requested font "aer5" at 5.0pt
 -> aer5

Underfull \vbox (badness 10000) has occurred while \output is active []

 [6]
Underfull \vbox (badness 10000) has occurred while \output is active []

 [7]
\c@lemma=\count123

[8] [9]
File: single.eps Graphic file (type eps)
 <single.eps>
Overfull \hbox (5.71754pt too wide) in paragraph at lines 909--910
 [][] 
 []


Underfull \vbox (badness 5711) has occurred while \output is active []

Invalid UTF-8 byte or sequence at line 929 replaced by U+FFFD.
Invalid UTF-8 byte or sequence at line 929 replaced by U+FFFD.
File: d-8-2.eps Graphic file (type eps)

<d-8-2.eps>
Overfull \hbox (5.71754pt too wide) in paragraph at lines 929--930
 [][] 
 []

[10]
Invalid UTF-8 byte or sequence at line 946 replaced by U+FFFD.
Invalid UTF-8 byte or sequence at line 946 replaced by U+FFFD.
File: i-8-2.eps Graphic file (type eps)
 <i-8-2.eps>
Overfull \hbox (5.71754pt too wide) in paragraph at lines 946--947
 [][] 
 []

File: cpp.pdf Graphic file (type QTm)
<use  "cpp.pdf" >
Overfull \hbox (5.71754pt too wide) in paragraph at lines 957--958
 [][] 
 []

[11]
File: cpp2.pdf Graphic file (type QTm)
 <use  "cpp2.pdf" >
Overfull \hbox (5.71754pt too wide) in paragraph at lines 973--974
 [][] 
 []

[12]
Invalid UTF-8 byte or sequence at line 1107 replaced by U+FFFD.
Invalid UTF-8 byte or sequence at line 1107 replaced by U+FFFD.
File: num_r.eps Graphic file (type eps)
 <num_r.eps>
Overfull \hbox (5.71754pt too wide) in paragraph at lines 1107--1108
 [][] 
 []


Overfull \hbox (7.68515pt too wide) in paragraph at lines 1143--1157
 [][][] 
 []

[13] (C:\Users\xintao\Desktop\cms\sig-fault.bbl
Missing character: There is no ’ in font aer9!
 [14])
Underfull \vbox (badness 10000) has occurred while \output is active []


Overfull \hbox (4.86461pt too wide) in paragraph at lines 1248--1249
[]\T1/aer/m/n/9 Let $\OML/cmm/m/it/9 c[]$ \T1/aer/m/n/9 = {$\OT1/cmr/m/n/9 (\OM
L/cmm/m/it/9 p[]; v[]\OT1/cmr/m/n/9 )$\T1/aer/m/n/9 , $\OT1/cmr/m/n/9 (\OML/cmm
/m/it/9 p[]; v[]\OT1/cmr/m/n/9 )$\T1/aer/m/n/9 , ..., $\OT1/cmr/m/n/9 (\OML/cmm
/m/it/9 p[]; v[]\OT1/cmr/m/n/9 )$\T1/aer/m/n/9 }, t = {$\OT1/cmr/m/n/9 (\OML/cm
m/m/it/9 p[]; v[]\OT1/cmr/m/n/9 )$\T1/aer/m/n/9 ,
 []


Overfull \hbox (6.24454pt too wide) in paragraph at lines 1258--1259
[]\T1/aer/m/n/9 With re-spec-t to set B, $\OMS/cmsy/m/n/9 8\OML/cmm/m/it/9 c[] 
\OMS/cmsy/m/n/9 2 \OML/cmm/m/it/9 B$\T1/aer/m/n/9 , it has $\OMS/cmsy/m/n/9 9\O
ML/cmm/m/it/9 c[] \OMS/cmsy/m/n/9 2 \OML/cmm/m/it/9 CMXS\OT1/cmr/m/n/9 (\OML/cm
m/m/it/9 c[]; t\OT1/cmr/m/n/9 )\OML/cmm/m/it/9 ; c[]$
 []


Overfull \hbox (4.52467pt too wide) in paragraph at lines 1267--1268
\T1/aer/m/n/9 {$\OML/cmm/m/it/9 c \OMS/cmsy/m/n/9 j \OML/cmm/m/it/9 c \OMS/cmsy
/m/n/9 ^^^ \OML/cmm/m/it/9 t \OT1/cmr/m/n/9 && \OMS/cmsy/m/n/9 8\OML/cmm/m/it/9
 c[] \OMS/cmsy/m/n/9 2 f\OML/cmm/m/it/9 c[]; c[]\OMS/cmsy/m/n/9 g\OML/cmm/m/it/
9 ; c[] \U/msb/m/n/9 ^^N \OML/cmm/m/it/9 c$\T1/aer/m/n/9 } $\OT1/cmr/m/n/9 =$ \
T1/aer/m/n/9 {$\OML/cmm/m/it/9 c \OMS/cmsy/m/n/9 j 9\OML/cmm/m/it/9 c[] \OMS/cm
sy/m/n/9 2 \OML/cmm/m/it/9 CMXS\OT1/cmr/m/n/9 (\OML/cmm/m/it/9 c[]; t\OT1/cmr/m
/n/9 )$
 []


Overfull \hbox (3.67744pt too wide) in paragraph at lines 1285--1286
\OML/cmm/m/it/9 t \OT1/cmr/m/n/9 && \OMS/cmsy/m/n/9 9\OML/cmm/m/it/9 c[] \OMS/c
msy/m/n/9 2 \OML/cmm/m/it/9 CMNS\OT1/cmr/m/n/9 (\OML/cmm/m/it/9 c[]; t\OT1/cmr/
m/n/9 )$\T1/aer/m/n/9 , $\OML/cmm/m/it/9 c[] \OMS/cmsy/m/n/9 ^^V \OML/cmm/m/it/
9 c$\T1/aer/m/n/9 }. $\OML/cmm/m/it/9 CMNS\OT1/cmr/m/n/9 (\OML/cmm/m/it/9 c[]; 
t\OT1/cmr/m/n/9 )$\T1/aer/m/n/9 ={$\OT1/cmr/m/n/9 (\OML/cmm/m/it/9 p[]; v[]\OT1
/cmr/m/n/9 )$
 []


Overfull \hbox (5.18196pt too wide) in paragraph at lines 1294--1295
\OML/cmm/m/it/9 CMNS\OT1/cmr/m/n/9 (\OML/cmm/m/it/9 c[]; t\OT1/cmr/m/n/9 )\OML/
cmm/m/it/9 ; c[] \OMS/cmsy/m/n/9 ^^V \OML/cmm/m/it/9 c[]$\T1/aer/m/n/9 . As $\O
ML/cmm/m/it/9 c[] \OMS/cmsy/m/n/9 2 \OML/cmm/m/it/9 CMNS\OT1/cmr/m/n/9 (\OML/cm
m/m/it/9 c[]; t\OT1/cmr/m/n/9 )$\T1/aer/m/n/9 , $\OMS/cmsy/m/n/9 9\OML/cmm/m/it
/9 e[] \OMS/cmsy/m/n/9 2 \OML/cmm/m/it/9 t\OMS/cmsy/m/n/9 n\OML/cmm/m/it/9 c[];
 c[] \OT1/cmr/m/n/9 =
 []


Overfull \hbox (5.40933pt too wide) in paragraph at lines 1302--1303
[]\T1/aer/m/n/9 We just need to prove that for t-wo healthy schemas
 []

[15]
Overfull \hbox (3.00629pt too wide) in paragraph at lines 1325--1326
[]\T1/aer/m/n/9 Let B = {$\OML/cmm/m/it/9 c \OMS/cmsy/m/n/9 j 9\OML/cmm/m/it/9 
c[] \OMS/cmsy/m/n/9 2 \OML/cmm/m/it/9 CMXS\OT1/cmr/m/n/9 (\OML/cmm/m/it/9 FSS; 
t\OT1/cmr/m/n/9 )$\T1/aer/m/n/9 , $\OML/cmm/m/it/9 c[] \OMS/cmsy/m/n/9 2 \OML/c
mm/m/it/9 CMNS\OT1/cmr/m/n/9 ($ $\OML/cmm/m/it/9 HSS; t\OT1/cmr/m/n/9 )$\T1/aer
/m/n/9 ,
 []

[16

] (C:\Users\xintao\Desktop\cms\sig-fault.aux) )
(\end occurred inside a group at level 4)

### simple group (level 4) entered at line 785 ({)
### simple group (level 3) entered at line 785 ({)
### simple group (level 2) entered at line 508 ({)
### simple group (level 1) entered at line 430 ({)
### bottom level 
Here is how much of TeX's memory you used:
 3073 strings out of 430478
 35251 string characters out of 3191502
 112632 words of memory out of 3000000
 6137 multiletter control sequences out of 15000+200000
 52284 words of font info for 65 fonts, out of 3000000 for 9000
 14 hyphenation exceptions out of 8191
 39i,15n,34p,1758b,466s stack positions out of 5000i,500n,10000p,200000b,50000s

Output written on sig-fault.pdf (16 pages).
